{"/mnt/c/Users/embur/workspace/searchYoutube/src/controllers/searchController.js": {"path":"/mnt/c/Users/embur/workspace/searchYoutube/src/controllers/searchController.js","statementMap":{"0":{"start":{"line":1,"column":22},"end":{"line":1,"column":58}},"1":{"start":{"line":2,"column":27},"end":{"line":2,"column":71}},"2":{"start":{"line":3,"column":24},"end":{"line":3,"column":68}},"3":{"start":{"line":5,"column":24},"end":{"line":8,"column":2}},"4":{"start":{"line":5,"column":56},"end":{"line":8,"column":1}},"5":{"start":{"line":16,"column":22},"end":{"line":25,"column":1}},"6":{"start":{"line":17,"column":4},"end":{"line":19,"column":5}},"7":{"start":{"line":18,"column":8},"end":{"line":18,"column":21}},"8":{"start":{"line":21,"column":4},"end":{"line":23,"column":5}},"9":{"start":{"line":22,"column":8},"end":{"line":22,"column":20}},"10":{"start":{"line":24,"column":4},"end":{"line":24,"column":16}},"11":{"start":{"line":33,"column":13},"end":{"line":62,"column":1}},"12":{"start":{"line":34,"column":4},"end":{"line":37,"column":5}},"13":{"start":{"line":35,"column":8},"end":{"line":35,"column":82}},"14":{"start":{"line":36,"column":8},"end":{"line":36,"column":40}},"15":{"start":{"line":39,"column":20},"end":{"line":41,"column":36}},"16":{"start":{"line":41,"column":25},"end":{"line":41,"column":34}},"17":{"start":{"line":43,"column":4},"end":{"line":46,"column":5}},"18":{"start":{"line":44,"column":8},"end":{"line":44,"column":61}},"19":{"start":{"line":45,"column":8},"end":{"line":45,"column":33}},"20":{"start":{"line":48,"column":21},"end":{"line":48,"column":55}},"21":{"start":{"line":50,"column":30},"end":{"line":51,"column":79}},"22":{"start":{"line":51,"column":22},"end":{"line":51,"column":77}},"23":{"start":{"line":52,"column":17},"end":{"line":52,"column":39}},"24":{"start":{"line":53,"column":22},"end":{"line":53,"column":33}},"25":{"start":{"line":55,"column":21},"end":{"line":59,"column":5}},"26":{"start":{"line":61,"column":4},"end":{"line":61,"column":42}},"27":{"start":{"line":65,"column":0},"end":{"line":67,"column":1}}},"fnMap":{"0":{"name":"(anonymous_0)","decl":{"start":{"line":5,"column":24},"end":{"line":5,"column":25}},"loc":{"start":{"line":5,"column":56},"end":{"line":8,"column":1}},"line":5},"1":{"name":"(anonymous_1)","decl":{"start":{"line":16,"column":22},"end":{"line":16,"column":23}},"loc":{"start":{"line":16,"column":44},"end":{"line":25,"column":1}},"line":16},"2":{"name":"(anonymous_2)","decl":{"start":{"line":33,"column":13},"end":{"line":33,"column":14}},"loc":{"start":{"line":33,"column":94},"end":{"line":62,"column":1}},"line":33},"3":{"name":"(anonymous_3)","decl":{"start":{"line":41,"column":15},"end":{"line":41,"column":16}},"loc":{"start":{"line":41,"column":25},"end":{"line":41,"column":34}},"line":41},"4":{"name":"(anonymous_4)","decl":{"start":{"line":51,"column":13},"end":{"line":51,"column":14}},"loc":{"start":{"line":51,"column":22},"end":{"line":51,"column":77}},"line":51}},"branchMap":{"0":{"loc":{"start":{"line":5,"column":25},"end":{"line":5,"column":32}},"type":"default-arg","locations":[{"start":{"line":5,"column":30},"end":{"line":5,"column":32}}],"line":5},"1":{"loc":{"start":{"line":5,"column":34},"end":{"line":5,"column":50}},"type":"default-arg","locations":[{"start":{"line":5,"column":47},"end":{"line":5,"column":50}}],"line":5},"2":{"loc":{"start":{"line":17,"column":4},"end":{"line":19,"column":5}},"type":"if","locations":[{"start":{"line":17,"column":4},"end":{"line":19,"column":5}},{"start":{"line":17,"column":4},"end":{"line":19,"column":5}}],"line":17},"3":{"loc":{"start":{"line":17,"column":9},"end":{"line":17,"column":59}},"type":"binary-expr","locations":[{"start":{"line":17,"column":9},"end":{"line":17,"column":34}},{"start":{"line":17,"column":38},"end":{"line":17,"column":59}}],"line":17},"4":{"loc":{"start":{"line":21,"column":4},"end":{"line":23,"column":5}},"type":"if","locations":[{"start":{"line":21,"column":4},"end":{"line":23,"column":5}},{"start":{"line":21,"column":4},"end":{"line":23,"column":5}}],"line":21},"5":{"loc":{"start":{"line":21,"column":10},"end":{"line":21,"column":53}},"type":"binary-expr","locations":[{"start":{"line":21,"column":10},"end":{"line":21,"column":34}},{"start":{"line":21,"column":38},"end":{"line":21,"column":53}}],"line":21},"6":{"loc":{"start":{"line":33,"column":38},"end":{"line":33,"column":89}},"type":"default-arg","locations":[{"start":{"line":33,"column":58},"end":{"line":33,"column":89}}],"line":33},"7":{"loc":{"start":{"line":33,"column":58},"end":{"line":33,"column":89}},"type":"binary-expr","locations":[{"start":{"line":33,"column":58},"end":{"line":33,"column":82}},{"start":{"line":33,"column":86},"end":{"line":33,"column":89}}],"line":33},"8":{"loc":{"start":{"line":34,"column":4},"end":{"line":37,"column":5}},"type":"if","locations":[{"start":{"line":34,"column":4},"end":{"line":37,"column":5}},{"start":{"line":34,"column":4},"end":{"line":37,"column":5}}],"line":34},"9":{"loc":{"start":{"line":43,"column":4},"end":{"line":46,"column":5}},"type":"if","locations":[{"start":{"line":43,"column":4},"end":{"line":46,"column":5}},{"start":{"line":43,"column":4},"end":{"line":46,"column":5}}],"line":43}},"s":{"0":2,"1":2,"2":2,"3":2,"4":0,"5":2,"6":0,"7":0,"8":0,"9":0,"10":0,"11":2,"12":0,"13":0,"14":0,"15":0,"16":0,"17":0,"18":0,"19":0,"20":0,"21":0,"22":0,"23":0,"24":0,"25":0,"26":0,"27":2},"f":{"0":0,"1":0,"2":0,"3":0,"4":0},"b":{"0":[0],"1":[0],"2":[0,0],"3":[0,0],"4":[0,0],"5":[0,0],"6":[0],"7":[0,0],"8":[0,0],"9":[0,0]},"_coverageSchema":"1a1c01bbd47fc00a2c39e90264f33305004495a9","hash":"7a9619a9e6e4be1b19717a52edd85edd6ea29445"}
,"/mnt/c/Users/embur/workspace/searchYoutube/src/routes/searchRoute.js": {"path":"/mnt/c/Users/embur/workspace/searchYoutube/src/routes/searchRoute.js","statementMap":{"0":{"start":{"line":1,"column":25},"end":{"line":1,"column":67}},"1":{"start":{"line":7,"column":20},"end":{"line":18,"column":1}},"2":{"start":{"line":9,"column":4},"end":{"line":17,"column":11}},"3":{"start":{"line":11,"column":70},"end":{"line":11,"column":82}},"4":{"start":{"line":12,"column":12},"end":{"line":12,"column":97}},"5":{"start":{"line":13,"column":27},"end":{"line":13,"column":91}},"6":{"start":{"line":14,"column":12},"end":{"line":14,"column":127}},"7":{"start":{"line":15,"column":12},"end":{"line":15,"column":47}},"8":{"start":{"line":16,"column":12},"end":{"line":16,"column":39}},"9":{"start":{"line":21,"column":0},"end":{"line":21,"column":29}}},"fnMap":{"0":{"name":"(anonymous_0)","decl":{"start":{"line":7,"column":20},"end":{"line":7,"column":21}},"loc":{"start":{"line":7,"column":29},"end":{"line":18,"column":1}},"line":7},"1":{"name":"(anonymous_1)","decl":{"start":{"line":10,"column":14},"end":{"line":10,"column":15}},"loc":{"start":{"line":10,"column":43},"end":{"line":17,"column":9}},"line":10}},"branchMap":{"0":{"loc":{"start":{"line":11,"column":20},"end":{"line":11,"column":27}},"type":"default-arg","locations":[{"start":{"line":11,"column":25},"end":{"line":11,"column":27}}],"line":11},"1":{"loc":{"start":{"line":11,"column":29},"end":{"line":11,"column":42}},"type":"default-arg","locations":[{"start":{"line":11,"column":40},"end":{"line":11,"column":42}}],"line":11},"2":{"loc":{"start":{"line":11,"column":44},"end":{"line":11,"column":65}},"type":"default-arg","locations":[{"start":{"line":11,"column":62},"end":{"line":11,"column":65}}],"line":11}},"s":{"0":1,"1":1,"2":0,"3":0,"4":0,"5":0,"6":0,"7":0,"8":0,"9":1},"f":{"0":0,"1":0},"b":{"0":[0],"1":[0],"2":[0]},"_coverageSchema":"1a1c01bbd47fc00a2c39e90264f33305004495a9","hash":"0d88133d7abd0224fdf5a14e25054e7286558df2"}
,"/mnt/c/Users/embur/workspace/searchYoutube/src/services/searchService.js": {"path":"/mnt/c/Users/embur/workspace/searchYoutube/src/services/searchService.js","statementMap":{"0":{"start":{"line":1,"column":22},"end":{"line":1,"column":37}},"1":{"start":{"line":26,"column":13},"end":{"line":35,"column":1}},"2":{"start":{"line":27,"column":4},"end":{"line":27,"column":65}},"3":{"start":{"line":28,"column":25},"end":{"line":28,"column":74}},"4":{"start":{"line":29,"column":4},"end":{"line":34,"column":8}},"5":{"start":{"line":29,"column":31},"end":{"line":34,"column":5}},"6":{"start":{"line":38,"column":0},"end":{"line":40,"column":1}}},"fnMap":{"0":{"name":"(anonymous_0)","decl":{"start":{"line":26,"column":13},"end":{"line":26,"column":14}},"loc":{"start":{"line":26,"column":46},"end":{"line":35,"column":1}},"line":26},"1":{"name":"(anonymous_1)","decl":{"start":{"line":29,"column":22},"end":{"line":29,"column":23}},"loc":{"start":{"line":29,"column":31},"end":{"line":34,"column":5}},"line":29}},"branchMap":{"0":{"loc":{"start":{"line":26,"column":26},"end":{"line":26,"column":41}},"type":"default-arg","locations":[{"start":{"line":26,"column":38},"end":{"line":26,"column":41}}],"line":26},"1":{"loc":{"start":{"line":28,"column":12},"end":{"line":28,"column":20}},"type":"default-arg","locations":[{"start":{"line":28,"column":18},"end":{"line":28,"column":20}}],"line":28}},"s":{"0":2,"1":2,"2":0,"3":0,"4":0,"5":0,"6":2},"f":{"0":0,"1":0},"b":{"0":[0],"1":[0]},"_coverageSchema":"1a1c01bbd47fc00a2c39e90264f33305004495a9","hash":"5b4a5f4b044103f48dce17bafe68d0df57b41cad"}
,"/mnt/c/Users/embur/workspace/searchYoutube/src/services/topRatingWordsService.js": {"path":"/mnt/c/Users/embur/workspace/searchYoutube/src/services/topRatingWordsService.js","statementMap":{"0":{"start":{"line":6,"column":20},"end":{"line":9,"column":1}},"1":{"start":{"line":7,"column":18},"end":{"line":7,"column":85}},"2":{"start":{"line":7,"column":66},"end":{"line":7,"column":74}},"3":{"start":{"line":8,"column":4},"end":{"line":8,"column":52}},"4":{"start":{"line":17,"column":17},"end":{"line":34,"column":1}},"5":{"start":{"line":19,"column":4},"end":{"line":21,"column":5}},"6":{"start":{"line":20,"column":8},"end":{"line":20,"column":19}},"7":{"start":{"line":23,"column":4},"end":{"line":33,"column":12}},"8":{"start":{"line":26,"column":12},"end":{"line":30,"column":13}},"9":{"start":{"line":27,"column":16},"end":{"line":27,"column":37}},"10":{"start":{"line":29,"column":16},"end":{"line":29,"column":43}},"11":{"start":{"line":32,"column":12},"end":{"line":32,"column":23}},"12":{"start":{"line":42,"column":20},"end":{"line":59,"column":1}},"13":{"start":{"line":44,"column":21},"end":{"line":44,"column":49}},"14":{"start":{"line":46,"column":4},"end":{"line":49,"column":7}},"15":{"start":{"line":47,"column":8},"end":{"line":47,"column":46}},"16":{"start":{"line":48,"column":8},"end":{"line":48,"column":40}},"17":{"start":{"line":52,"column":4},"end":{"line":52,"column":24}},"18":{"start":{"line":54,"column":27},"end":{"line":56,"column":27}},"19":{"start":{"line":55,"column":23},"end":{"line":55,"column":46}},"20":{"start":{"line":58,"column":4},"end":{"line":58,"column":48}},"21":{"start":{"line":58,"column":39},"end":{"line":58,"column":46}},"22":{"start":{"line":61,"column":0},"end":{"line":63,"column":1}}},"fnMap":{"0":{"name":"(anonymous_0)","decl":{"start":{"line":6,"column":20},"end":{"line":6,"column":21}},"loc":{"start":{"line":6,"column":30},"end":{"line":9,"column":1}},"line":6},"1":{"name":"(anonymous_1)","decl":{"start":{"line":7,"column":61},"end":{"line":7,"column":62}},"loc":{"start":{"line":7,"column":66},"end":{"line":7,"column":74}},"line":7},"2":{"name":"(anonymous_2)","decl":{"start":{"line":17,"column":17},"end":{"line":17,"column":18}},"loc":{"start":{"line":17,"column":68},"end":{"line":34,"column":1}},"line":17},"3":{"name":"(anonymous_3)","decl":{"start":{"line":25,"column":28},"end":{"line":25,"column":29}},"loc":{"start":{"line":25,"column":42},"end":{"line":33,"column":5}},"line":25},"4":{"name":"(anonymous_4)","decl":{"start":{"line":42,"column":20},"end":{"line":42,"column":21}},"loc":{"start":{"line":42,"column":52},"end":{"line":59,"column":1}},"line":42},"5":{"name":"(anonymous_5)","decl":{"start":{"line":46,"column":23},"end":{"line":46,"column":24}},"loc":{"start":{"line":46,"column":32},"end":{"line":49,"column":5}},"line":46},"6":{"name":"(anonymous_6)","decl":{"start":{"line":55,"column":14},"end":{"line":55,"column":15}},"loc":{"start":{"line":55,"column":23},"end":{"line":55,"column":46}},"line":55},"7":{"name":"(anonymous_7)","decl":{"start":{"line":58,"column":31},"end":{"line":58,"column":32}},"loc":{"start":{"line":58,"column":39},"end":{"line":58,"column":46}},"line":58}},"branchMap":{"0":{"loc":{"start":{"line":17,"column":18},"end":{"line":17,"column":27}},"type":"default-arg","locations":[{"start":{"line":17,"column":25},"end":{"line":17,"column":27}}],"line":17},"1":{"loc":{"start":{"line":17,"column":29},"end":{"line":17,"column":63}},"type":"default-arg","locations":[{"start":{"line":17,"column":35},"end":{"line":17,"column":63}}],"line":17},"2":{"loc":{"start":{"line":19,"column":4},"end":{"line":21,"column":5}},"type":"if","locations":[{"start":{"line":19,"column":4},"end":{"line":21,"column":5}},{"start":{"line":19,"column":4},"end":{"line":21,"column":5}}],"line":19},"3":{"loc":{"start":{"line":26,"column":12},"end":{"line":30,"column":13}},"type":"if","locations":[{"start":{"line":26,"column":12},"end":{"line":30,"column":13}},{"start":{"line":26,"column":12},"end":{"line":30,"column":13}}],"line":26},"4":{"loc":{"start":{"line":42,"column":21},"end":{"line":42,"column":33}},"type":"default-arg","locations":[{"start":{"line":42,"column":31},"end":{"line":42,"column":33}}],"line":42},"5":{"loc":{"start":{"line":42,"column":35},"end":{"line":42,"column":47}},"type":"default-arg","locations":[{"start":{"line":42,"column":46},"end":{"line":42,"column":47}}],"line":42}},"s":{"0":2,"1":0,"2":0,"3":0,"4":2,"5":0,"6":0,"7":0,"8":0,"9":0,"10":0,"11":0,"12":2,"13":0,"14":0,"15":0,"16":0,"17":0,"18":0,"19":0,"20":0,"21":0,"22":2},"f":{"0":0,"1":0,"2":0,"3":0,"4":0,"5":0,"6":0,"7":0},"b":{"0":[0],"1":[0],"2":[0,0],"3":[0,0],"4":[0],"5":[0]},"_coverageSchema":"1a1c01bbd47fc00a2c39e90264f33305004495a9","hash":"0d8d60317b88cdab4c82fb1a759cdf406707d510"}
,"/mnt/c/Users/embur/workspace/searchYoutube/src/services/viewerScheduleService.js": {"path":"/mnt/c/Users/embur/workspace/searchYoutube/src/services/viewerScheduleService.js","statementMap":{"0":{"start":{"line":1,"column":15},"end":{"line":1,"column":32}},"1":{"start":{"line":12,"column":18},"end":{"line":17,"column":1}},"2":{"start":{"line":27,"column":23},"end":{"line":30,"column":1}},"3":{"start":{"line":28,"column":52},"end":{"line":28,"column":87}},"4":{"start":{"line":29,"column":4},"end":{"line":29,"column":86}},"5":{"start":{"line":37,"column":24},"end":{"line":40,"column":1}},"6":{"start":{"line":38,"column":4},"end":{"line":39,"column":93}},"7":{"start":{"line":39,"column":25},"end":{"line":39,"column":91}},"8":{"start":{"line":47,"column":24},"end":{"line":87,"column":1}},"9":{"start":{"line":48,"column":21},"end":{"line":48,"column":22}},"10":{"start":{"line":49,"column":25},"end":{"line":49,"column":26}},"11":{"start":{"line":50,"column":24},"end":{"line":50,"column":50}},"12":{"start":{"line":51,"column":14},"end":{"line":51,"column":15}},"13":{"start":{"line":52,"column":28},"end":{"line":52,"column":87}},"14":{"start":{"line":54,"column":21},"end":{"line":54,"column":30}},"15":{"start":{"line":56,"column":4},"end":{"line":84,"column":5}},"16":{"start":{"line":57,"column":8},"end":{"line":57,"column":69}},"17":{"start":{"line":58,"column":22},"end":{"line":58,"column":49}},"18":{"start":{"line":59,"column":27},"end":{"line":59,"column":32}},"19":{"start":{"line":60,"column":30},"end":{"line":60,"column":53}},"20":{"start":{"line":61,"column":36},"end":{"line":61,"column":71}},"21":{"start":{"line":62,"column":8},"end":{"line":62,"column":48}},"22":{"start":{"line":64,"column":8},"end":{"line":83,"column":9}},"23":{"start":{"line":65,"column":12},"end":{"line":72,"column":13}},"24":{"start":{"line":66,"column":16},"end":{"line":66,"column":53}},"25":{"start":{"line":67,"column":16},"end":{"line":67,"column":60}},"26":{"start":{"line":68,"column":16},"end":{"line":68,"column":29}},"27":{"start":{"line":70,"column":16},"end":{"line":70,"column":33}},"28":{"start":{"line":71,"column":16},"end":{"line":71,"column":22}},"29":{"start":{"line":74,"column":12},"end":{"line":81,"column":13}},"30":{"start":{"line":75,"column":16},"end":{"line":75,"column":124}},"31":{"start":{"line":76,"column":16},"end":{"line":76,"column":29}},"32":{"start":{"line":78,"column":16},"end":{"line":78,"column":103}},"33":{"start":{"line":79,"column":16},"end":{"line":79,"column":33}},"34":{"start":{"line":80,"column":16},"end":{"line":80,"column":22}},"35":{"start":{"line":86,"column":4},"end":{"line":86,"column":20}},"36":{"start":{"line":91,"column":0},"end":{"line":95,"column":1}}},"fnMap":{"0":{"name":"(anonymous_0)","decl":{"start":{"line":27,"column":23},"end":{"line":27,"column":24}},"loc":{"start":{"line":27,"column":78},"end":{"line":30,"column":1}},"line":27},"1":{"name":"(anonymous_1)","decl":{"start":{"line":37,"column":24},"end":{"line":37,"column":25}},"loc":{"start":{"line":37,"column":57},"end":{"line":40,"column":1}},"line":37},"2":{"name":"(anonymous_2)","decl":{"start":{"line":39,"column":16},"end":{"line":39,"column":17}},"loc":{"start":{"line":39,"column":25},"end":{"line":39,"column":91}},"line":39},"3":{"name":"(anonymous_3)","decl":{"start":{"line":47,"column":24},"end":{"line":47,"column":25}},"loc":{"start":{"line":47,"column":66},"end":{"line":87,"column":1}},"line":47}},"branchMap":{"0":{"loc":{"start":{"line":27,"column":24},"end":{"line":27,"column":41}},"type":"default-arg","locations":[{"start":{"line":27,"column":39},"end":{"line":27,"column":41}}],"line":27},"1":{"loc":{"start":{"line":27,"column":42},"end":{"line":27,"column":73}},"type":"default-arg","locations":[{"start":{"line":27,"column":56},"end":{"line":27,"column":73}}],"line":27},"2":{"loc":{"start":{"line":28,"column":11},"end":{"line":28,"column":20}},"type":"default-arg","locations":[{"start":{"line":28,"column":19},"end":{"line":28,"column":20}}],"line":28},"3":{"loc":{"start":{"line":28,"column":22},"end":{"line":28,"column":31}},"type":"default-arg","locations":[{"start":{"line":28,"column":30},"end":{"line":28,"column":31}}],"line":28},"4":{"loc":{"start":{"line":28,"column":33},"end":{"line":28,"column":40}},"type":"default-arg","locations":[{"start":{"line":28,"column":39},"end":{"line":28,"column":40}}],"line":28},"5":{"loc":{"start":{"line":28,"column":42},"end":{"line":28,"column":48}},"type":"default-arg","locations":[{"start":{"line":28,"column":47},"end":{"line":28,"column":48}}],"line":28},"6":{"loc":{"start":{"line":39,"column":25},"end":{"line":39,"column":91}},"type":"binary-expr","locations":[{"start":{"line":39,"column":25},"end":{"line":39,"column":39}},{"start":{"line":39,"column":43},"end":{"line":39,"column":91}}],"line":39},"7":{"loc":{"start":{"line":47,"column":25},"end":{"line":47,"column":37}},"type":"default-arg","locations":[{"start":{"line":47,"column":35},"end":{"line":47,"column":37}}],"line":47},"8":{"loc":{"start":{"line":47,"column":39},"end":{"line":47,"column":61}},"type":"default-arg","locations":[{"start":{"line":47,"column":59},"end":{"line":47,"column":61}}],"line":47},"9":{"loc":{"start":{"line":57,"column":25},"end":{"line":57,"column":68}},"type":"cond-expr","locations":[{"start":{"line":57,"column":52},"end":{"line":57,"column":66}},{"start":{"line":57,"column":67},"end":{"line":57,"column":68}}],"line":57},"10":{"loc":{"start":{"line":64,"column":8},"end":{"line":83,"column":9}},"type":"if","locations":[{"start":{"line":64,"column":8},"end":{"line":83,"column":9}},{"start":{"line":64,"column":8},"end":{"line":83,"column":9}}],"line":64},"11":{"loc":{"start":{"line":65,"column":12},"end":{"line":72,"column":13}},"type":"if","locations":[{"start":{"line":65,"column":12},"end":{"line":72,"column":13}},{"start":{"line":65,"column":12},"end":{"line":72,"column":13}}],"line":65},"12":{"loc":{"start":{"line":74,"column":12},"end":{"line":81,"column":13}},"type":"if","locations":[{"start":{"line":74,"column":12},"end":{"line":81,"column":13}},{"start":{"line":74,"column":12},"end":{"line":81,"column":13}}],"line":74}},"s":{"0":3,"1":3,"2":3,"3":19,"4":19,"5":3,"6":1,"7":7,"8":3,"9":1,"10":1,"11":1,"12":1,"13":1,"14":1,"15":1,"16":12,"17":12,"18":12,"19":12,"20":12,"21":12,"22":12,"23":6,"24":3,"25":3,"26":3,"27":3,"28":3,"29":6,"30":4,"31":4,"32":2,"33":2,"34":2,"35":1,"36":3},"f":{"0":19,"1":1,"2":7,"3":1},"b":{"0":[0],"1":[19],"2":[0],"3":[0],"4":[13],"5":[19],"6":[7,7],"7":[0],"8":[0],"9":[12,0],"10":[6,6],"11":[3,3],"12":[4,2]},"_coverageSchema":"1a1c01bbd47fc00a2c39e90264f33305004495a9","hash":"2f3fad61e0041a75afbadfac96fa9f6c07a9e513"}
}
