TN:
SF:src/controllers/searchController.js
FN:5,(anonymous_0)
FN:16,(anonymous_1)
FN:33,(anonymous_2)
FN:41,(anonymous_3)
FN:51,(anonymous_4)
FNF:5
FNH:0
FNDA:0,(anonymous_0)
FNDA:0,(anonymous_1)
FNDA:0,(anonymous_2)
FNDA:0,(anonymous_3)
FNDA:0,(anonymous_4)
DA:1,2
DA:2,2
DA:3,2
DA:5,2
DA:16,2
DA:17,0
DA:18,0
DA:21,0
DA:22,0
DA:24,0
DA:33,2
DA:34,0
DA:35,0
DA:36,0
DA:39,0
DA:41,0
DA:43,0
DA:44,0
DA:45,0
DA:48,0
DA:50,0
DA:51,0
DA:52,0
DA:53,0
DA:55,0
DA:61,0
DA:65,2
LF:27
LH:7
BRDA:5,0,0,0
BRDA:5,1,0,0
BRDA:17,2,0,0
BRDA:17,2,1,0
BRDA:17,3,0,0
BRDA:17,3,1,0
BRDA:21,4,0,0
BRDA:21,4,1,0
BRDA:21,5,0,0
BRDA:21,5,1,0
BRDA:33,6,0,0
BRDA:33,7,0,0
BRDA:33,7,1,0
BRDA:34,8,0,0
BRDA:34,8,1,0
BRDA:43,9,0,0
BRDA:43,9,1,0
BRF:17
BRH:0
end_of_record
TN:
SF:src/routes/searchRoute.js
FN:7,(anonymous_0)
FN:10,(anonymous_1)
FNF:2
FNH:0
FNDA:0,(anonymous_0)
FNDA:0,(anonymous_1)
DA:1,1
DA:7,1
DA:9,0
DA:11,0
DA:12,0
DA:13,0
DA:14,0
DA:15,0
DA:16,0
DA:21,1
LF:10
LH:3
BRDA:11,0,0,0
BRDA:11,1,0,0
BRDA:11,2,0,0
BRF:3
BRH:0
end_of_record
TN:
SF:src/services/searchService.js
FN:26,(anonymous_0)
FN:29,(anonymous_1)
FNF:2
FNH:0
FNDA:0,(anonymous_0)
FNDA:0,(anonymous_1)
DA:1,2
DA:26,2
DA:27,0
DA:28,0
DA:29,0
DA:38,2
LF:6
LH:3
BRDA:26,0,0,0
BRDA:28,1,0,0
BRF:2
BRH:0
end_of_record
TN:
SF:src/services/topRatingWordsService.js
FN:6,(anonymous_0)
FN:7,(anonymous_1)
FN:17,(anonymous_2)
FN:25,(anonymous_3)
FN:42,(anonymous_4)
FN:46,(anonymous_5)
FN:55,(anonymous_6)
FN:58,(anonymous_7)
FNF:8
FNH:0
FNDA:0,(anonymous_0)
FNDA:0,(anonymous_1)
FNDA:0,(anonymous_2)
FNDA:0,(anonymous_3)
FNDA:0,(anonymous_4)
FNDA:0,(anonymous_5)
FNDA:0,(anonymous_6)
FNDA:0,(anonymous_7)
DA:6,2
DA:7,0
DA:8,0
DA:17,2
DA:19,0
DA:20,0
DA:23,0
DA:26,0
DA:27,0
DA:29,0
DA:32,0
DA:42,2
DA:44,0
DA:46,0
DA:47,0
DA:48,0
DA:52,0
DA:54,0
DA:55,0
DA:58,0
DA:61,2
LF:21
LH:4
BRDA:17,0,0,0
BRDA:17,1,0,0
BRDA:19,2,0,0
BRDA:19,2,1,0
BRDA:26,3,0,0
BRDA:26,3,1,0
BRDA:42,4,0,0
BRDA:42,5,0,0
BRF:8
BRH:0
end_of_record
TN:
SF:src/services/viewerScheduleService.js
FN:27,(anonymous_0)
FN:37,(anonymous_1)
FN:39,(anonymous_2)
FN:47,(anonymous_3)
FNF:4
FNH:4
FNDA:19,(anonymous_0)
FNDA:1,(anonymous_1)
FNDA:7,(anonymous_2)
FNDA:1,(anonymous_3)
DA:1,3
DA:12,3
DA:27,3
DA:28,19
DA:29,19
DA:37,3
DA:38,1
DA:39,7
DA:47,3
DA:48,1
DA:49,1
DA:50,1
DA:51,1
DA:52,1
DA:54,1
DA:56,1
DA:57,12
DA:58,12
DA:59,12
DA:60,12
DA:61,12
DA:62,12
DA:64,12
DA:65,6
DA:66,3
DA:67,3
DA:68,3
DA:70,3
DA:71,3
DA:74,6
DA:75,4
DA:76,4
DA:78,2
DA:79,2
DA:80,2
DA:86,1
DA:91,3
LF:37
LH:37
BRDA:27,0,0,0
BRDA:27,1,0,19
BRDA:28,2,0,0
BRDA:28,3,0,0
BRDA:28,4,0,13
BRDA:28,5,0,19
BRDA:39,6,0,7
BRDA:39,6,1,7
BRDA:47,7,0,0
BRDA:47,8,0,0
BRDA:57,9,0,12
BRDA:57,9,1,0
BRDA:64,10,0,6
BRDA:64,10,1,6
BRDA:65,11,0,3
BRDA:65,11,1,3
BRDA:74,12,0,4
BRDA:74,12,1,2
BRF:18
BRH:12
end_of_record
